<?xml version="1.0" encoding="UTF-8"?>
<!-- Generated by org.testng.reporters.JUnitReportReporter -->
<testsuite hostname="LAPTOP-GBE1C50T" failures="0" tests="1" name="Modules.AddressCheck" time="55.526" errors="0" timestamp="2021-05-08T21:07:15 IST" skipped="0">
  <testcase classname="Modules.AddressCheck" name="practice" time="55.526"/>
  <system-out/>
</testsuite> <!-- Modules.AddressCheck -->
